23:48:43 **** Build of configuration Debug for project check_wiring ****
make -j16 all 
Building file: ../startup/startup_stm32.s
Invoking: MCU GCC Assembler
Building file: ../src/main.c
/home/shay/a/will2253/workspace/check_wiring/Debug
Invoking: MCU GCC Compiler
Building file: ../src/syscalls.c
arm-none-eabi-as -mcpu=cortex-m0 -mthumb -mfloat-abi=soft -I"/home/shay/a/will2253/workspace/check_wiring/StdPeriph_Driver/inc" -I"/home/shay/a/will2253/workspace/check_wiring/inc" -I"/home/shay/a/will2253/workspace/check_wiring/CMSIS/device" -I"/home/shay/a/will2253/workspace/check_wiring/CMSIS/core" -g -o "startup/startup_stm32.o" "../startup/startup_stm32.s"
/home/shay/a/will2253/workspace/check_wiring/Debug
Invoking: MCU GCC Compiler
Building file: ../src/system_stm32f0xx.c
arm-none-eabi-gcc -mcpu=cortex-m0 -mthumb -mfloat-abi=soft -DSTM32 -DSTM32F0 -DSTM32F091RCTx -DDEBUG -DSTM32F091 -DUSE_STDPERIPH_DRIVER -I"/home/shay/a/will2253/workspace/check_wiring/StdPeriph_Driver/inc" -I"/home/shay/a/will2253/workspace/check_wiring/inc" -I"/home/shay/a/will2253/workspace/check_wiring/CMSIS/device" -I"/home/shay/a/will2253/workspace/check_wiring/CMSIS/core" -O0 -g3 -Wall -fmessage-length=0 -ffunction-sections -c -MMD -MP -MF"src/main.d" -MT"src/main.o" -o "src/main.o" "../src/main.c"
/home/shay/a/will2253/workspace/check_wiring/Debug
Invoking: MCU GCC Compiler
Building file: ../StdPeriph_Driver/src/stm32f0xx_adc.c
arm-none-eabi-gcc -mcpu=cortex-m0 -mthumb -mfloat-abi=soft -DSTM32 -DSTM32F0 -DSTM32F091RCTx -DDEBUG -DSTM32F091 -DUSE_STDPERIPH_DRIVER -I"/home/shay/a/will2253/workspace/check_wiring/StdPeriph_Driver/inc" -I"/home/shay/a/will2253/workspace/check_wiring/inc" -I"/home/shay/a/will2253/workspace/check_wiring/CMSIS/device" -I"/home/shay/a/will2253/workspace/check_wiring/CMSIS/core" -O0 -g3 -Wall -fmessage-length=0 -ffunction-sections -c -MMD -MP -MF"src/syscalls.d" -MT"src/syscalls.o" -o "src/syscalls.o" "../src/syscalls.c"
/home/shay/a/will2253/workspace/check_wiring/Debug
Building file: ../StdPeriph_Driver/src/stm32f0xx_can.c
Invoking: MCU GCC Compiler
arm-none-eabi-gcc -mcpu=cortex-m0 -mthumb -mfloat-abi=soft -DSTM32 -DSTM32F0 -DSTM32F091RCTx -DDEBUG -DSTM32F091 -DUSE_STDPERIPH_DRIVER -I"/home/shay/a/will2253/workspace/check_wiring/StdPeriph_Driver/inc" -I"/home/shay/a/will2253/workspace/check_wiring/inc" -I"/home/shay/a/will2253/workspace/check_wiring/CMSIS/device" -I"/home/shay/a/will2253/workspace/check_wiring/CMSIS/core" -O0 -g3 -Wall -fmessage-length=0 -ffunction-sections -c -MMD -MP -MF"src/system_stm32f0xx.d" -MT"src/system_stm32f0xx.o" -o "src/system_stm32f0xx.o" "../src/system_stm32f0xx.c"
Invoking: MCU GCC Compiler
/home/shay/a/will2253/workspace/check_wiring/Debug
Building file: ../StdPeriph_Driver/src/stm32f0xx_cec.c
arm-none-eabi-gcc -mcpu=cortex-m0 -mthumb -mfloat-abi=soft -DSTM32 -DSTM32F0 -DSTM32F091RCTx -DDEBUG -DSTM32F091 -DUSE_STDPERIPH_DRIVER -I"/home/shay/a/will2253/workspace/check_wiring/StdPeriph_Driver/inc" -I"/home/shay/a/will2253/workspace/check_wiring/inc" -I"/home/shay/a/will2253/workspace/check_wiring/CMSIS/device" -I"/home/shay/a/will2253/workspace/check_wiring/CMSIS/core" -O0 -g3 -Wall -fmessage-length=0 -ffunction-sections -c -MMD -MP -MF"StdPeriph_Driver/src/stm32f0xx_adc.d" -MT"StdPeriph_Driver/src/stm32f0xx_adc.o" -o "StdPeriph_Driver/src/stm32f0xx_adc.o" "../StdPeriph_Driver/src/stm32f0xx_adc.c"
/home/shay/a/will2253/workspace/check_wiring/Debug
Building file: ../StdPeriph_Driver/src/stm32f0xx_comp.c
arm-none-eabi-gcc -mcpu=cortex-m0 -mthumb -mfloat-abi=soft -DSTM32 -DSTM32F0 -DSTM32F091RCTx -DDEBUG -DSTM32F091 -DUSE_STDPERIPH_DRIVER -I"/home/shay/a/will2253/workspace/check_wiring/StdPeriph_Driver/inc" -I"/home/shay/a/will2253/workspace/check_wiring/inc" -I"/home/shay/a/will2253/workspace/check_wiring/CMSIS/device" -I"/home/shay/a/will2253/workspace/check_wiring/CMSIS/core" -O0 -g3 -Wall -fmessage-length=0 -ffunction-sections -c -MMD -MP -MF"StdPeriph_Driver/src/stm32f0xx_can.d" -MT"StdPeriph_Driver/src/stm32f0xx_can.o" -o "StdPeriph_Driver/src/stm32f0xx_can.o" "../StdPeriph_Driver/src/stm32f0xx_can.c"
Invoking: MCU GCC Compiler
Building file: ../StdPeriph_Driver/src/stm32f0xx_crc.c
/home/shay/a/will2253/workspace/check_wiring/Debug
Invoking: MCU GCC Compiler
Invoking: MCU GCC Compiler
arm-none-eabi-gcc -mcpu=cortex-m0 -mthumb -mfloat-abi=soft -DSTM32 -DSTM32F0 -DSTM32F091RCTx -DDEBUG -DSTM32F091 -DUSE_STDPERIPH_DRIVER -I"/home/shay/a/will2253/workspace/check_wiring/StdPeriph_Driver/inc" -I"/home/shay/a/will2253/workspace/check_wiring/inc" -I"/home/shay/a/will2253/workspace/check_wiring/CMSIS/device" -I"/home/shay/a/will2253/workspace/check_wiring/CMSIS/core" -O0 -g3 -Wall -fmessage-length=0 -ffunction-sections -c -MMD -MP -MF"StdPeriph_Driver/src/stm32f0xx_cec.d" -MT"StdPeriph_Driver/src/stm32f0xx_cec.o" -o "StdPeriph_Driver/src/stm32f0xx_cec.o" "../StdPeriph_Driver/src/stm32f0xx_cec.c"
/home/shay/a/will2253/workspace/check_wiring/Debug
Building file: ../StdPeriph_Driver/src/stm32f0xx_crs.c
/home/shay/a/will2253/workspace/check_wiring/Debug
arm-none-eabi-gcc -mcpu=cortex-m0 -mthumb -mfloat-abi=soft -DSTM32 -DSTM32F0 -DSTM32F091RCTx -DDEBUG -DSTM32F091 -DUSE_STDPERIPH_DRIVER -I"/home/shay/a/will2253/workspace/check_wiring/StdPeriph_Driver/inc" -I"/home/shay/a/will2253/workspace/check_wiring/inc" -I"/home/shay/a/will2253/workspace/check_wiring/CMSIS/device" -I"/home/shay/a/will2253/workspace/check_wiring/CMSIS/core" -O0 -g3 -Wall -fmessage-length=0 -ffunction-sections -c -MMD -MP -MF"StdPeriph_Driver/src/stm32f0xx_comp.d" -MT"StdPeriph_Driver/src/stm32f0xx_comp.o" -o "StdPeriph_Driver/src/stm32f0xx_comp.o" "../StdPeriph_Driver/src/stm32f0xx_comp.c"
arm-none-eabi-gcc -mcpu=cortex-m0 -mthumb -mfloat-abi=soft -DSTM32 -DSTM32F0 -DSTM32F091RCTx -DDEBUG -DSTM32F091 -DUSE_STDPERIPH_DRIVER -I"/home/shay/a/will2253/workspace/check_wiring/StdPeriph_Driver/inc" -I"/home/shay/a/will2253/workspace/check_wiring/inc" -I"/home/shay/a/will2253/workspace/check_wiring/CMSIS/device" -I"/home/shay/a/will2253/workspace/check_wiring/CMSIS/core" -O0 -g3 -Wall -fmessage-length=0 -ffunction-sections -c -MMD -MP -MF"StdPeriph_Driver/src/stm32f0xx_crc.d" -MT"StdPeriph_Driver/src/stm32f0xx_crc.o" -o "StdPeriph_Driver/src/stm32f0xx_crc.o" "../StdPeriph_Driver/src/stm32f0xx_crc.c"
Building file: ../StdPeriph_Driver/src/stm32f0xx_dbgmcu.c
Building file: ../StdPeriph_Driver/src/stm32f0xx_dac.c
Invoking: MCU GCC Compiler
/home/shay/a/will2253/workspace/check_wiring/Debug
Building file: ../StdPeriph_Driver/src/stm32f0xx_dma.c
Invoking: MCU GCC Compiler
arm-none-eabi-gcc -mcpu=cortex-m0 -mthumb -mfloat-abi=soft -DSTM32 -DSTM32F0 -DSTM32F091RCTx -DDEBUG -DSTM32F091 -DUSE_STDPERIPH_DRIVER -I"/home/shay/a/will2253/workspace/check_wiring/StdPeriph_Driver/inc" -I"/home/shay/a/will2253/workspace/check_wiring/inc" -I"/home/shay/a/will2253/workspace/check_wiring/CMSIS/device" -I"/home/shay/a/will2253/workspace/check_wiring/CMSIS/core" -O0 -g3 -Wall -fmessage-length=0 -ffunction-sections -c -MMD -MP -MF"StdPeriph_Driver/src/stm32f0xx_crs.d" -MT"StdPeriph_Driver/src/stm32f0xx_crs.o" -o "StdPeriph_Driver/src/stm32f0xx_crs.o" "../StdPeriph_Driver/src/stm32f0xx_crs.c"
/home/shay/a/will2253/workspace/check_wiring/Debug
Invoking: MCU GCC Compiler
Building file: ../StdPeriph_Driver/src/stm32f0xx_exti.c
arm-none-eabi-gcc -mcpu=cortex-m0 -mthumb -mfloat-abi=soft -DSTM32 -DSTM32F0 -DSTM32F091RCTx -DDEBUG -DSTM32F091 -DUSE_STDPERIPH_DRIVER -I"/home/shay/a/will2253/workspace/check_wiring/StdPeriph_Driver/inc" -I"/home/shay/a/will2253/workspace/check_wiring/inc" -I"/home/shay/a/will2253/workspace/check_wiring/CMSIS/device" -I"/home/shay/a/will2253/workspace/check_wiring/CMSIS/core" -O0 -g3 -Wall -fmessage-length=0 -ffunction-sections -c -MMD -MP -MF"StdPeriph_Driver/src/stm32f0xx_dac.d" -MT"StdPeriph_Driver/src/stm32f0xx_dac.o" -o "StdPeriph_Driver/src/stm32f0xx_dac.o" "../StdPeriph_Driver/src/stm32f0xx_dac.c"
Building file: ../StdPeriph_Driver/src/stm32f0xx_flash.c
Invoking: MCU GCC Compiler
/home/shay/a/will2253/workspace/check_wiring/Debug
Building file: ../StdPeriph_Driver/src/stm32f0xx_gpio.c
Invoking: MCU GCC Compiler
/home/shay/a/will2253/workspace/check_wiring/Debug
arm-none-eabi-gcc -mcpu=cortex-m0 -mthumb -mfloat-abi=soft -DSTM32 -DSTM32F0 -DSTM32F091RCTx -DDEBUG -DSTM32F091 -DUSE_STDPERIPH_DRIVER -I"/home/shay/a/will2253/workspace/check_wiring/StdPeriph_Driver/inc" -I"/home/shay/a/will2253/workspace/check_wiring/inc" -I"/home/shay/a/will2253/workspace/check_wiring/CMSIS/device" -I"/home/shay/a/will2253/workspace/check_wiring/CMSIS/core" -O0 -g3 -Wall -fmessage-length=0 -ffunction-sections -c -MMD -MP -MF"StdPeriph_Driver/src/stm32f0xx_dma.d" -MT"StdPeriph_Driver/src/stm32f0xx_dma.o" -o "StdPeriph_Driver/src/stm32f0xx_dma.o" "../StdPeriph_Driver/src/stm32f0xx_dma.c"
arm-none-eabi-gcc -mcpu=cortex-m0 -mthumb -mfloat-abi=soft -DSTM32 -DSTM32F0 -DSTM32F091RCTx -DDEBUG -DSTM32F091 -DUSE_STDPERIPH_DRIVER -I"/home/shay/a/will2253/workspace/check_wiring/StdPeriph_Driver/inc" -I"/home/shay/a/will2253/workspace/check_wiring/inc" -I"/home/shay/a/will2253/workspace/check_wiring/CMSIS/device" -I"/home/shay/a/will2253/workspace/check_wiring/CMSIS/core" -O0 -g3 -Wall -fmessage-length=0 -ffunction-sections -c -MMD -MP -MF"StdPeriph_Driver/src/stm32f0xx_dbgmcu.d" -MT"StdPeriph_Driver/src/stm32f0xx_dbgmcu.o" -o "StdPeriph_Driver/src/stm32f0xx_dbgmcu.o" "../StdPeriph_Driver/src/stm32f0xx_dbgmcu.c"
Invoking: MCU GCC Compiler
Invoking: MCU GCC Compiler
/home/shay/a/will2253/workspace/check_wiring/Debug
arm-none-eabi-gcc -mcpu=cortex-m0 -mthumb -mfloat-abi=soft -DSTM32 -DSTM32F0 -DSTM32F091RCTx -DDEBUG -DSTM32F091 -DUSE_STDPERIPH_DRIVER -I"/home/shay/a/will2253/workspace/check_wiring/StdPeriph_Driver/inc" -I"/home/shay/a/will2253/workspace/check_wiring/inc" -I"/home/shay/a/will2253/workspace/check_wiring/CMSIS/device" -I"/home/shay/a/will2253/workspace/check_wiring/CMSIS/core" -O0 -g3 -Wall -fmessage-length=0 -ffunction-sections -c -MMD -MP -MF"StdPeriph_Driver/src/stm32f0xx_flash.d" -MT"StdPeriph_Driver/src/stm32f0xx_flash.o" -o "StdPeriph_Driver/src/stm32f0xx_flash.o" "../StdPeriph_Driver/src/stm32f0xx_flash.c"
/home/shay/a/will2253/workspace/check_wiring/Debug
arm-none-eabi-gcc -mcpu=cortex-m0 -mthumb -mfloat-abi=soft -DSTM32 -DSTM32F0 -DSTM32F091RCTx -DDEBUG -DSTM32F091 -DUSE_STDPERIPH_DRIVER -I"/home/shay/a/will2253/workspace/check_wiring/StdPeriph_Driver/inc" -I"/home/shay/a/will2253/workspace/check_wiring/inc" -I"/home/shay/a/will2253/workspace/check_wiring/CMSIS/device" -I"/home/shay/a/will2253/workspace/check_wiring/CMSIS/core" -O0 -g3 -Wall -fmessage-length=0 -ffunction-sections -c -MMD -MP -MF"StdPeriph_Driver/src/stm32f0xx_gpio.d" -MT"StdPeriph_Driver/src/stm32f0xx_gpio.o" -o "StdPeriph_Driver/src/stm32f0xx_gpio.o" "../StdPeriph_Driver/src/stm32f0xx_gpio.c"
/home/shay/a/will2253/workspace/check_wiring/Debug
arm-none-eabi-gcc -mcpu=cortex-m0 -mthumb -mfloat-abi=soft -DSTM32 -DSTM32F0 -DSTM32F091RCTx -DDEBUG -DSTM32F091 -DUSE_STDPERIPH_DRIVER -I"/home/shay/a/will2253/workspace/check_wiring/StdPeriph_Driver/inc" -I"/home/shay/a/will2253/workspace/check_wiring/inc" -I"/home/shay/a/will2253/workspace/check_wiring/CMSIS/device" -I"/home/shay/a/will2253/workspace/check_wiring/CMSIS/core" -O0 -g3 -Wall -fmessage-length=0 -ffunction-sections -c -MMD -MP -MF"StdPeriph_Driver/src/stm32f0xx_exti.d" -MT"StdPeriph_Driver/src/stm32f0xx_exti.o" -o "StdPeriph_Driver/src/stm32f0xx_exti.o" "../StdPeriph_Driver/src/stm32f0xx_exti.c"
Finished building: ../startup/startup_stm32.s
 
Building file: ../StdPeriph_Driver/src/stm32f0xx_i2c.c
Invoking: MCU GCC Compiler
/home/shay/a/will2253/workspace/check_wiring/Debug
arm-none-eabi-gcc -mcpu=cortex-m0 -mthumb -mfloat-abi=soft -DSTM32 -DSTM32F0 -DSTM32F091RCTx -DDEBUG -DSTM32F091 -DUSE_STDPERIPH_DRIVER -I"/home/shay/a/will2253/workspace/check_wiring/StdPeriph_Driver/inc" -I"/home/shay/a/will2253/workspace/check_wiring/inc" -I"/home/shay/a/will2253/workspace/check_wiring/CMSIS/device" -I"/home/shay/a/will2253/workspace/check_wiring/CMSIS/core" -O0 -g3 -Wall -fmessage-length=0 -ffunction-sections -c -MMD -MP -MF"StdPeriph_Driver/src/stm32f0xx_i2c.d" -MT"StdPeriph_Driver/src/stm32f0xx_i2c.o" -o "StdPeriph_Driver/src/stm32f0xx_i2c.o" "../StdPeriph_Driver/src/stm32f0xx_i2c.c"
Finished building: ../src/main.c
 
Building file: ../StdPeriph_Driver/src/stm32f0xx_iwdg.c
Finished building: ../src/syscalls.c
Finished building: ../src/system_stm32f0xx.c
Finished building: ../StdPeriph_Driver/src/stm32f0xx_comp.c
Finished building: ../StdPeriph_Driver/src/stm32f0xx_crc.c
Finished building: ../StdPeriph_Driver/src/stm32f0xx_dac.c
Finished building: ../StdPeriph_Driver/src/stm32f0xx_exti.c
Finished building: ../StdPeriph_Driver/src/stm32f0xx_gpio.c
Invoking: MCU GCC Compiler
 
 
 
 
 
 
 
/home/shay/a/will2253/workspace/check_wiring/Debug
Finished building: ../StdPeriph_Driver/src/stm32f0xx_cec.c
Building file: ../StdPeriph_Driver/src/stm32f0xx_misc.c
arm-none-eabi-gcc -mcpu=cortex-m0 -mthumb -mfloat-abi=soft -DSTM32 -DSTM32F0 -DSTM32F091RCTx -DDEBUG -DSTM32F091 -DUSE_STDPERIPH_DRIVER -I"/home/shay/a/will2253/workspace/check_wiring/StdPeriph_Driver/inc" -I"/home/shay/a/will2253/workspace/check_wiring/inc" -I"/home/shay/a/will2253/workspace/check_wiring/CMSIS/device" -I"/home/shay/a/will2253/workspace/check_wiring/CMSIS/core" -O0 -g3 -Wall -fmessage-length=0 -ffunction-sections -c -MMD -MP -MF"StdPeriph_Driver/src/stm32f0xx_iwdg.d" -MT"StdPeriph_Driver/src/stm32f0xx_iwdg.o" -o "StdPeriph_Driver/src/stm32f0xx_iwdg.o" "../StdPeriph_Driver/src/stm32f0xx_iwdg.c"
Finished building: ../StdPeriph_Driver/src/stm32f0xx_adc.c
Finished building: ../StdPeriph_Driver/src/stm32f0xx_crs.c
Finished building: ../StdPeriph_Driver/src/stm32f0xx_dma.c
Finished building: ../StdPeriph_Driver/src/stm32f0xx_dbgmcu.c
 
 
Invoking: MCU GCC Compiler
 
 
Building file: ../StdPeriph_Driver/src/stm32f0xx_pwr.c
 
/home/shay/a/will2253/workspace/check_wiring/Debug
Invoking: MCU GCC Compiler
Building file: ../StdPeriph_Driver/src/stm32f0xx_rcc.c
arm-none-eabi-gcc -mcpu=cortex-m0 -mthumb -mfloat-abi=soft -DSTM32 -DSTM32F0 -DSTM32F091RCTx -DDEBUG -DSTM32F091 -DUSE_STDPERIPH_DRIVER -I"/home/shay/a/will2253/workspace/check_wiring/StdPeriph_Driver/inc" -I"/home/shay/a/will2253/workspace/check_wiring/inc" -I"/home/shay/a/will2253/workspace/check_wiring/CMSIS/device" -I"/home/shay/a/will2253/workspace/check_wiring/CMSIS/core" -O0 -g3 -Wall -fmessage-length=0 -ffunction-sections -c -MMD -MP -MF"StdPeriph_Driver/src/stm32f0xx_misc.d" -MT"StdPeriph_Driver/src/stm32f0xx_misc.o" -o "StdPeriph_Driver/src/stm32f0xx_misc.o" "../StdPeriph_Driver/src/stm32f0xx_misc.c"
/home/shay/a/will2253/workspace/check_wiring/Debug
Invoking: MCU GCC Compiler
Building file: ../StdPeriph_Driver/src/stm32f0xx_rtc.c
arm-none-eabi-gcc -mcpu=cortex-m0 -mthumb -mfloat-abi=soft -DSTM32 -DSTM32F0 -DSTM32F091RCTx -DDEBUG -DSTM32F091 -DUSE_STDPERIPH_DRIVER -I"/home/shay/a/will2253/workspace/check_wiring/StdPeriph_Driver/inc" -I"/home/shay/a/will2253/workspace/check_wiring/inc" -I"/home/shay/a/will2253/workspace/check_wiring/CMSIS/device" -I"/home/shay/a/will2253/workspace/check_wiring/CMSIS/core" -O0 -g3 -Wall -fmessage-length=0 -ffunction-sections -c -MMD -MP -MF"StdPeriph_Driver/src/stm32f0xx_pwr.d" -MT"StdPeriph_Driver/src/stm32f0xx_pwr.o" -o "StdPeriph_Driver/src/stm32f0xx_pwr.o" "../StdPeriph_Driver/src/stm32f0xx_pwr.c"
Invoking: MCU GCC Compiler
/home/shay/a/will2253/workspace/check_wiring/Debug
Building file: ../StdPeriph_Driver/src/stm32f0xx_spi.c
arm-none-eabi-gcc -mcpu=cortex-m0 -mthumb -mfloat-abi=soft -DSTM32 -DSTM32F0 -DSTM32F091RCTx -DDEBUG -DSTM32F091 -DUSE_STDPERIPH_DRIVER -I"/home/shay/a/will2253/workspace/check_wiring/StdPeriph_Driver/inc" -I"/home/shay/a/will2253/workspace/check_wiring/inc" -I"/home/shay/a/will2253/workspace/check_wiring/CMSIS/device" -I"/home/shay/a/will2253/workspace/check_wiring/CMSIS/core" -O0 -g3 -Wall -fmessage-length=0 -ffunction-sections -c -MMD -MP -MF"StdPeriph_Driver/src/stm32f0xx_rcc.d" -MT"StdPeriph_Driver/src/stm32f0xx_rcc.o" -o "StdPeriph_Driver/src/stm32f0xx_rcc.o" "../StdPeriph_Driver/src/stm32f0xx_rcc.c"
Invoking: MCU GCC Compiler
Building file: ../StdPeriph_Driver/src/stm32f0xx_syscfg.c
/home/shay/a/will2253/workspace/check_wiring/Debug
/home/shay/a/will2253/workspace/check_wiring/Debug
Invoking: MCU GCC Compiler
arm-none-eabi-gcc -mcpu=cortex-m0 -mthumb -mfloat-abi=soft -DSTM32 -DSTM32F0 -DSTM32F091RCTx -DDEBUG -DSTM32F091 -DUSE_STDPERIPH_DRIVER -I"/home/shay/a/will2253/workspace/check_wiring/StdPeriph_Driver/inc" -I"/home/shay/a/will2253/workspace/check_wiring/inc" -I"/home/shay/a/will2253/workspace/check_wiring/CMSIS/device" -I"/home/shay/a/will2253/workspace/check_wiring/CMSIS/core" -O0 -g3 -Wall -fmessage-length=0 -ffunction-sections -c -MMD -MP -MF"StdPeriph_Driver/src/stm32f0xx_rtc.d" -MT"StdPeriph_Driver/src/stm32f0xx_rtc.o" -o "StdPeriph_Driver/src/stm32f0xx_rtc.o" "../StdPeriph_Driver/src/stm32f0xx_rtc.c"
arm-none-eabi-gcc -mcpu=cortex-m0 -mthumb -mfloat-abi=soft -DSTM32 -DSTM32F0 -DSTM32F091RCTx -DDEBUG -DSTM32F091 -DUSE_STDPERIPH_DRIVER -I"/home/shay/a/will2253/workspace/check_wiring/StdPeriph_Driver/inc" -I"/home/shay/a/will2253/workspace/check_wiring/inc" -I"/home/shay/a/will2253/workspace/check_wiring/CMSIS/device" -I"/home/shay/a/will2253/workspace/check_wiring/CMSIS/core" -O0 -g3 -Wall -fmessage-length=0 -ffunction-sections -c -MMD -MP -MF"StdPeriph_Driver/src/stm32f0xx_spi.d" -MT"StdPeriph_Driver/src/stm32f0xx_spi.o" -o "StdPeriph_Driver/src/stm32f0xx_spi.o" "../StdPeriph_Driver/src/stm32f0xx_spi.c"
Building file: ../StdPeriph_Driver/src/stm32f0xx_usart.c
Building file: ../StdPeriph_Driver/src/stm32f0xx_wwdg.c
Invoking: MCU GCC Compiler
Invoking: MCU GCC Compiler
/home/shay/a/will2253/workspace/check_wiring/Debug
arm-none-eabi-gcc -mcpu=cortex-m0 -mthumb -mfloat-abi=soft -DSTM32 -DSTM32F0 -DSTM32F091RCTx -DDEBUG -DSTM32F091 -DUSE_STDPERIPH_DRIVER -I"/home/shay/a/will2253/workspace/check_wiring/StdPeriph_Driver/inc" -I"/home/shay/a/will2253/workspace/check_wiring/inc" -I"/home/shay/a/will2253/workspace/check_wiring/CMSIS/device" -I"/home/shay/a/will2253/workspace/check_wiring/CMSIS/core" -O0 -g3 -Wall -fmessage-length=0 -ffunction-sections -c -MMD -MP -MF"StdPeriph_Driver/src/stm32f0xx_syscfg.d" -MT"StdPeriph_Driver/src/stm32f0xx_syscfg.o" -o "StdPeriph_Driver/src/stm32f0xx_syscfg.o" "../StdPeriph_Driver/src/stm32f0xx_syscfg.c"
/home/shay/a/will2253/workspace/check_wiring/Debug
arm-none-eabi-gcc -mcpu=cortex-m0 -mthumb -mfloat-abi=soft -DSTM32 -DSTM32F0 -DSTM32F091RCTx -DDEBUG -DSTM32F091 -DUSE_STDPERIPH_DRIVER -I"/home/shay/a/will2253/workspace/check_wiring/StdPeriph_Driver/inc" -I"/home/shay/a/will2253/workspace/check_wiring/inc" -I"/home/shay/a/will2253/workspace/check_wiring/CMSIS/device" -I"/home/shay/a/will2253/workspace/check_wiring/CMSIS/core" -O0 -g3 -Wall -fmessage-length=0 -ffunction-sections -c -MMD -MP -MF"StdPeriph_Driver/src/stm32f0xx_usart.d" -MT"StdPeriph_Driver/src/stm32f0xx_usart.o" -o "StdPeriph_Driver/src/stm32f0xx_usart.o" "../StdPeriph_Driver/src/stm32f0xx_usart.c"
Building file: ../StdPeriph_Driver/src/stm32f0xx_tim.c
/home/shay/a/will2253/workspace/check_wiring/Debug
arm-none-eabi-gcc -mcpu=cortex-m0 -mthumb -mfloat-abi=soft -DSTM32 -DSTM32F0 -DSTM32F091RCTx -DDEBUG -DSTM32F091 -DUSE_STDPERIPH_DRIVER -I"/home/shay/a/will2253/workspace/check_wiring/StdPeriph_Driver/inc" -I"/home/shay/a/will2253/workspace/check_wiring/inc" -I"/home/shay/a/will2253/workspace/check_wiring/CMSIS/device" -I"/home/shay/a/will2253/workspace/check_wiring/CMSIS/core" -O0 -g3 -Wall -fmessage-length=0 -ffunction-sections -c -MMD -MP -MF"StdPeriph_Driver/src/stm32f0xx_wwdg.d" -MT"StdPeriph_Driver/src/stm32f0xx_wwdg.o" -o "StdPeriph_Driver/src/stm32f0xx_wwdg.o" "../StdPeriph_Driver/src/stm32f0xx_wwdg.c"
Invoking: MCU GCC Compiler
/home/shay/a/will2253/workspace/check_wiring/Debug
arm-none-eabi-gcc -mcpu=cortex-m0 -mthumb -mfloat-abi=soft -DSTM32 -DSTM32F0 -DSTM32F091RCTx -DDEBUG -DSTM32F091 -DUSE_STDPERIPH_DRIVER -I"/home/shay/a/will2253/workspace/check_wiring/StdPeriph_Driver/inc" -I"/home/shay/a/will2253/workspace/check_wiring/inc" -I"/home/shay/a/will2253/workspace/check_wiring/CMSIS/device" -I"/home/shay/a/will2253/workspace/check_wiring/CMSIS/core" -O0 -g3 -Wall -fmessage-length=0 -ffunction-sections -c -MMD -MP -MF"StdPeriph_Driver/src/stm32f0xx_tim.d" -MT"StdPeriph_Driver/src/stm32f0xx_tim.o" -o "StdPeriph_Driver/src/stm32f0xx_tim.o" "../StdPeriph_Driver/src/stm32f0xx_tim.c"
Finished building: ../StdPeriph_Driver/src/stm32f0xx_flash.c
 
Finished building: ../StdPeriph_Driver/src/stm32f0xx_can.c
 
Finished building: ../StdPeriph_Driver/src/stm32f0xx_i2c.c
 
Finished building: ../StdPeriph_Driver/src/stm32f0xx_syscfg.c
 
Finished building: ../StdPeriph_Driver/src/stm32f0xx_misc.c
 
Finished building: ../StdPeriph_Driver/src/stm32f0xx_iwdg.c
 
Finished building: ../StdPeriph_Driver/src/stm32f0xx_wwdg.c
 
Finished building: ../StdPeriph_Driver/src/stm32f0xx_rcc.c
 
Finished building: ../StdPeriph_Driver/src/stm32f0xx_pwr.c
 
Finished building: ../StdPeriph_Driver/src/stm32f0xx_usart.c
 
Finished building: ../StdPeriph_Driver/src/stm32f0xx_spi.c
 
Finished building: ../StdPeriph_Driver/src/stm32f0xx_rtc.c
 
Finished building: ../StdPeriph_Driver/src/stm32f0xx_tim.c
 
Building target: check_wiring.elf
Invoking: MCU GCC Linker
arm-none-eabi-gcc -mcpu=cortex-m0 -mthumb -mfloat-abi=soft -T"/home/shay/a/will2253/workspace/check_wiring/LinkerScript.ld" -Wl,-Map=output.map -Wl,--gc-sections -o "check_wiring.elf" @"objects.list"   -lm
src/main.o: In function `main':
/home/shay/a/will2253/workspace/check_wiring/Debug/../src/main.c:16: multiple definition of `main'
makefile:35: recipe for target 'check_wiring.elf' failed
src/main.o:/home/shay/a/will2253/workspace/check_wiring/Debug/../src/main.c:16: first defined here
collect2: error: ld returned 1 exit status
make: *** [check_wiring.elf] Error 1

23:48:44 Build Finished (took 818ms)

