23:48:45 **** Build of configuration Debug for project hw5 ****
make -j16 all 
Building file: ../startup/startup_stm32.s
Invoking: MCU GCC Assembler
Building file: ../src/hw5.s
/home/shay/a/will2253/workspace/hw5/Debug
Invoking: MCU GCC Assembler
Building file: ../src/hw5_rerun.s
arm-none-eabi-as -mcpu=cortex-m0 -mthumb -mfloat-abi=soft -I"/home/shay/a/will2253/workspace/hw5/StdPeriph_Driver/inc" -I"/home/shay/a/will2253/workspace/hw5/inc" -I"/home/shay/a/will2253/workspace/hw5/CMSIS/device" -I"/home/shay/a/will2253/workspace/hw5/CMSIS/core" -g -o "startup/startup_stm32.o" "../startup/startup_stm32.s"
/home/shay/a/will2253/workspace/hw5/Debug
Invoking: MCU GCC Assembler
Building file: ../src/syscalls.c
arm-none-eabi-as -mcpu=cortex-m0 -mthumb -mfloat-abi=soft -I"/home/shay/a/will2253/workspace/hw5/StdPeriph_Driver/inc" -I"/home/shay/a/will2253/workspace/hw5/inc" -I"/home/shay/a/will2253/workspace/hw5/CMSIS/device" -I"/home/shay/a/will2253/workspace/hw5/CMSIS/core" -g -o "src/hw5.o" "../src/hw5.s"
/home/shay/a/will2253/workspace/hw5/Debug
Invoking: MCU GCC Compiler
Building file: ../src/system_stm32f0xx.c
arm-none-eabi-as -mcpu=cortex-m0 -mthumb -mfloat-abi=soft -I"/home/shay/a/will2253/workspace/hw5/StdPeriph_Driver/inc" -I"/home/shay/a/will2253/workspace/hw5/inc" -I"/home/shay/a/will2253/workspace/hw5/CMSIS/device" -I"/home/shay/a/will2253/workspace/hw5/CMSIS/core" -g -o "src/hw5_rerun.o" "../src/hw5_rerun.s"
/home/shay/a/will2253/workspace/hw5/Debug
Invoking: MCU GCC Compiler
Building file: ../src/test.c
arm-none-eabi-gcc -mcpu=cortex-m0 -mthumb -mfloat-abi=soft -DSTM32 -DSTM32F0 -DSTM32F091RCTx -DDEBUG -DSTM32F091 -DUSE_STDPERIPH_DRIVER -I"/home/shay/a/will2253/workspace/hw5/StdPeriph_Driver/inc" -I"/home/shay/a/will2253/workspace/hw5/inc" -I"/home/shay/a/will2253/workspace/hw5/CMSIS/device" -I"/home/shay/a/will2253/workspace/hw5/CMSIS/core" -O0 -g3 -Wall -fmessage-length=0 -ffunction-sections -c -MMD -MP -MF"src/syscalls.d" -MT"src/syscalls.o" -o "src/syscalls.o" "../src/syscalls.c"
/home/shay/a/will2253/workspace/hw5/Debug
Invoking: MCU GCC Compiler
Building file: ../StdPeriph_Driver/src/stm32f0xx_adc.c
arm-none-eabi-gcc -mcpu=cortex-m0 -mthumb -mfloat-abi=soft -DSTM32 -DSTM32F0 -DSTM32F091RCTx -DDEBUG -DSTM32F091 -DUSE_STDPERIPH_DRIVER -I"/home/shay/a/will2253/workspace/hw5/StdPeriph_Driver/inc" -I"/home/shay/a/will2253/workspace/hw5/inc" -I"/home/shay/a/will2253/workspace/hw5/CMSIS/device" -I"/home/shay/a/will2253/workspace/hw5/CMSIS/core" -O0 -g3 -Wall -fmessage-length=0 -ffunction-sections -c -MMD -MP -MF"src/system_stm32f0xx.d" -MT"src/system_stm32f0xx.o" -o "src/system_stm32f0xx.o" "../src/system_stm32f0xx.c"
Building file: ../StdPeriph_Driver/src/stm32f0xx_can.c
/home/shay/a/will2253/workspace/hw5/Debug
Invoking: MCU GCC Compiler
arm-none-eabi-gcc -mcpu=cortex-m0 -mthumb -mfloat-abi=soft -DSTM32 -DSTM32F0 -DSTM32F091RCTx -DDEBUG -DSTM32F091 -DUSE_STDPERIPH_DRIVER -I"/home/shay/a/will2253/workspace/hw5/StdPeriph_Driver/inc" -I"/home/shay/a/will2253/workspace/hw5/inc" -I"/home/shay/a/will2253/workspace/hw5/CMSIS/device" -I"/home/shay/a/will2253/workspace/hw5/CMSIS/core" -O0 -g3 -Wall -fmessage-length=0 -ffunction-sections -c -MMD -MP -MF"src/test.d" -MT"src/test.o" -o "src/test.o" "../src/test.c"
Building file: ../StdPeriph_Driver/src/stm32f0xx_cec.c
Invoking: MCU GCC Compiler
/home/shay/a/will2253/workspace/hw5/Debug
arm-none-eabi-gcc -mcpu=cortex-m0 -mthumb -mfloat-abi=soft -DSTM32 -DSTM32F0 -DSTM32F091RCTx -DDEBUG -DSTM32F091 -DUSE_STDPERIPH_DRIVER -I"/home/shay/a/will2253/workspace/hw5/StdPeriph_Driver/inc" -I"/home/shay/a/will2253/workspace/hw5/inc" -I"/home/shay/a/will2253/workspace/hw5/CMSIS/device" -I"/home/shay/a/will2253/workspace/hw5/CMSIS/core" -O0 -g3 -Wall -fmessage-length=0 -ffunction-sections -c -MMD -MP -MF"StdPeriph_Driver/src/stm32f0xx_adc.d" -MT"StdPeriph_Driver/src/stm32f0xx_adc.o" -o "StdPeriph_Driver/src/stm32f0xx_adc.o" "../StdPeriph_Driver/src/stm32f0xx_adc.c"
/home/shay/a/will2253/workspace/hw5/Debug
Invoking: MCU GCC Compiler
arm-none-eabi-gcc -mcpu=cortex-m0 -mthumb -mfloat-abi=soft -DSTM32 -DSTM32F0 -DSTM32F091RCTx -DDEBUG -DSTM32F091 -DUSE_STDPERIPH_DRIVER -I"/home/shay/a/will2253/workspace/hw5/StdPeriph_Driver/inc" -I"/home/shay/a/will2253/workspace/hw5/inc" -I"/home/shay/a/will2253/workspace/hw5/CMSIS/device" -I"/home/shay/a/will2253/workspace/hw5/CMSIS/core" -O0 -g3 -Wall -fmessage-length=0 -ffunction-sections -c -MMD -MP -MF"StdPeriph_Driver/src/stm32f0xx_can.d" -MT"StdPeriph_Driver/src/stm32f0xx_can.o" -o "StdPeriph_Driver/src/stm32f0xx_can.o" "../StdPeriph_Driver/src/stm32f0xx_can.c"
Building file: ../StdPeriph_Driver/src/stm32f0xx_comp.c
/home/shay/a/will2253/workspace/hw5/Debug
arm-none-eabi-gcc -mcpu=cortex-m0 -mthumb -mfloat-abi=soft -DSTM32 -DSTM32F0 -DSTM32F091RCTx -DDEBUG -DSTM32F091 -DUSE_STDPERIPH_DRIVER -I"/home/shay/a/will2253/workspace/hw5/StdPeriph_Driver/inc" -I"/home/shay/a/will2253/workspace/hw5/inc" -I"/home/shay/a/will2253/workspace/hw5/CMSIS/device" -I"/home/shay/a/will2253/workspace/hw5/CMSIS/core" -O0 -g3 -Wall -fmessage-length=0 -ffunction-sections -c -MMD -MP -MF"StdPeriph_Driver/src/stm32f0xx_cec.d" -MT"StdPeriph_Driver/src/stm32f0xx_cec.o" -o "StdPeriph_Driver/src/stm32f0xx_cec.o" "../StdPeriph_Driver/src/stm32f0xx_cec.c"
Building file: ../StdPeriph_Driver/src/stm32f0xx_crc.c
Invoking: MCU GCC Compiler
Finished building: ../startup/startup_stm32.s
Building file: ../StdPeriph_Driver/src/stm32f0xx_crs.c
Invoking: MCU GCC Compiler
 
/home/shay/a/will2253/workspace/hw5/Debug
Invoking: MCU GCC Compiler
Building file: ../StdPeriph_Driver/src/stm32f0xx_dac.c
arm-none-eabi-gcc -mcpu=cortex-m0 -mthumb -mfloat-abi=soft -DSTM32 -DSTM32F0 -DSTM32F091RCTx -DDEBUG -DSTM32F091 -DUSE_STDPERIPH_DRIVER -I"/home/shay/a/will2253/workspace/hw5/StdPeriph_Driver/inc" -I"/home/shay/a/will2253/workspace/hw5/inc" -I"/home/shay/a/will2253/workspace/hw5/CMSIS/device" -I"/home/shay/a/will2253/workspace/hw5/CMSIS/core" -O0 -g3 -Wall -fmessage-length=0 -ffunction-sections -c -MMD -MP -MF"StdPeriph_Driver/src/stm32f0xx_comp.d" -MT"StdPeriph_Driver/src/stm32f0xx_comp.o" -o "StdPeriph_Driver/src/stm32f0xx_comp.o" "../StdPeriph_Driver/src/stm32f0xx_comp.c"
/home/shay/a/will2253/workspace/hw5/Debug
/home/shay/a/will2253/workspace/hw5/Debug
Building file: ../StdPeriph_Driver/src/stm32f0xx_dbgmcu.c
arm-none-eabi-gcc -mcpu=cortex-m0 -mthumb -mfloat-abi=soft -DSTM32 -DSTM32F0 -DSTM32F091RCTx -DDEBUG -DSTM32F091 -DUSE_STDPERIPH_DRIVER -I"/home/shay/a/will2253/workspace/hw5/StdPeriph_Driver/inc" -I"/home/shay/a/will2253/workspace/hw5/inc" -I"/home/shay/a/will2253/workspace/hw5/CMSIS/device" -I"/home/shay/a/will2253/workspace/hw5/CMSIS/core" -O0 -g3 -Wall -fmessage-length=0 -ffunction-sections -c -MMD -MP -MF"StdPeriph_Driver/src/stm32f0xx_crc.d" -MT"StdPeriph_Driver/src/stm32f0xx_crc.o" -o "StdPeriph_Driver/src/stm32f0xx_crc.o" "../StdPeriph_Driver/src/stm32f0xx_crc.c"
arm-none-eabi-gcc -mcpu=cortex-m0 -mthumb -mfloat-abi=soft -DSTM32 -DSTM32F0 -DSTM32F091RCTx -DDEBUG -DSTM32F091 -DUSE_STDPERIPH_DRIVER -I"/home/shay/a/will2253/workspace/hw5/StdPeriph_Driver/inc" -I"/home/shay/a/will2253/workspace/hw5/inc" -I"/home/shay/a/will2253/workspace/hw5/CMSIS/device" -I"/home/shay/a/will2253/workspace/hw5/CMSIS/core" -O0 -g3 -Wall -fmessage-length=0 -ffunction-sections -c -MMD -MP -MF"StdPeriph_Driver/src/stm32f0xx_crs.d" -MT"StdPeriph_Driver/src/stm32f0xx_crs.o" -o "StdPeriph_Driver/src/stm32f0xx_crs.o" "../StdPeriph_Driver/src/stm32f0xx_crs.c"
Invoking: MCU GCC Compiler
Invoking: MCU GCC Compiler
/home/shay/a/will2253/workspace/hw5/Debug
Building file: ../StdPeriph_Driver/src/stm32f0xx_exti.c
/home/shay/a/will2253/workspace/hw5/Debug
Building file: ../StdPeriph_Driver/src/stm32f0xx_dma.c
arm-none-eabi-gcc -mcpu=cortex-m0 -mthumb -mfloat-abi=soft -DSTM32 -DSTM32F0 -DSTM32F091RCTx -DDEBUG -DSTM32F091 -DUSE_STDPERIPH_DRIVER -I"/home/shay/a/will2253/workspace/hw5/StdPeriph_Driver/inc" -I"/home/shay/a/will2253/workspace/hw5/inc" -I"/home/shay/a/will2253/workspace/hw5/CMSIS/device" -I"/home/shay/a/will2253/workspace/hw5/CMSIS/core" -O0 -g3 -Wall -fmessage-length=0 -ffunction-sections -c -MMD -MP -MF"StdPeriph_Driver/src/stm32f0xx_dac.d" -MT"StdPeriph_Driver/src/stm32f0xx_dac.o" -o "StdPeriph_Driver/src/stm32f0xx_dac.o" "../StdPeriph_Driver/src/stm32f0xx_dac.c"
arm-none-eabi-gcc -mcpu=cortex-m0 -mthumb -mfloat-abi=soft -DSTM32 -DSTM32F0 -DSTM32F091RCTx -DDEBUG -DSTM32F091 -DUSE_STDPERIPH_DRIVER -I"/home/shay/a/will2253/workspace/hw5/StdPeriph_Driver/inc" -I"/home/shay/a/will2253/workspace/hw5/inc" -I"/home/shay/a/will2253/workspace/hw5/CMSIS/device" -I"/home/shay/a/will2253/workspace/hw5/CMSIS/core" -O0 -g3 -Wall -fmessage-length=0 -ffunction-sections -c -MMD -MP -MF"StdPeriph_Driver/src/stm32f0xx_dbgmcu.d" -MT"StdPeriph_Driver/src/stm32f0xx_dbgmcu.o" -o "StdPeriph_Driver/src/stm32f0xx_dbgmcu.o" "../StdPeriph_Driver/src/stm32f0xx_dbgmcu.c"
Invoking: MCU GCC Compiler
/home/shay/a/will2253/workspace/hw5/Debug
arm-none-eabi-gcc -mcpu=cortex-m0 -mthumb -mfloat-abi=soft -DSTM32 -DSTM32F0 -DSTM32F091RCTx -DDEBUG -DSTM32F091 -DUSE_STDPERIPH_DRIVER -I"/home/shay/a/will2253/workspace/hw5/StdPeriph_Driver/inc" -I"/home/shay/a/will2253/workspace/hw5/inc" -I"/home/shay/a/will2253/workspace/hw5/CMSIS/device" -I"/home/shay/a/will2253/workspace/hw5/CMSIS/core" -O0 -g3 -Wall -fmessage-length=0 -ffunction-sections -c -MMD -MP -MF"StdPeriph_Driver/src/stm32f0xx_exti.d" -MT"StdPeriph_Driver/src/stm32f0xx_exti.o" -o "StdPeriph_Driver/src/stm32f0xx_exti.o" "../StdPeriph_Driver/src/stm32f0xx_exti.c"
../src/hw5.s: Assembler messages:
../src/hw5.s:290: Error: symbol `conditions' is already defined
Invoking: MCU GCC Compiler
/home/shay/a/will2253/workspace/hw5/Debug
arm-none-eabi-gcc -mcpu=cortex-m0 -mthumb -mfloat-abi=soft -DSTM32 -DSTM32F0 -DSTM32F091RCTx -DDEBUG -DSTM32F091 -DUSE_STDPERIPH_DRIVER -I"/home/shay/a/will2253/workspace/hw5/StdPeriph_Driver/inc" -I"/home/shay/a/will2253/workspace/hw5/inc" -I"/home/shay/a/will2253/workspace/hw5/CMSIS/device" -I"/home/shay/a/will2253/workspace/hw5/CMSIS/core" -O0 -g3 -Wall -fmessage-length=0 -ffunction-sections -c -MMD -MP -MF"StdPeriph_Driver/src/stm32f0xx_dma.d" -MT"StdPeriph_Driver/src/stm32f0xx_dma.o" -o "StdPeriph_Driver/src/stm32f0xx_dma.o" "../StdPeriph_Driver/src/stm32f0xx_dma.c"
Building file: ../StdPeriph_Driver/src/stm32f0xx_flash.c
Invoking: MCU GCC Compiler
/home/shay/a/will2253/workspace/hw5/Debug
arm-none-eabi-gcc -mcpu=cortex-m0 -mthumb -mfloat-abi=soft -DSTM32 -DSTM32F0 -DSTM32F091RCTx -DDEBUG -DSTM32F091 -DUSE_STDPERIPH_DRIVER -I"/home/shay/a/will2253/workspace/hw5/StdPeriph_Driver/inc" -I"/home/shay/a/will2253/workspace/hw5/inc" -I"/home/shay/a/will2253/workspace/hw5/CMSIS/device" -I"/home/shay/a/will2253/workspace/hw5/CMSIS/core" -O0 -g3 -Wall -fmessage-length=0 -ffunction-sections -c -MMD -MP -MF"StdPeriph_Driver/src/stm32f0xx_flash.d" -MT"StdPeriph_Driver/src/stm32f0xx_flash.o" -o "StdPeriph_Driver/src/stm32f0xx_flash.o" "../StdPeriph_Driver/src/stm32f0xx_flash.c"
make: *** [src/hw5.o] Error 1
src/subdir.mk:30: recipe for target 'src/hw5.o' failed
make: *** Waiting for unfinished jobs....
../src/hw5_rerun.s: Assembler messages:
../src/hw5_rerun.s:66: Error: junk at end of line, first unrecognized character is `0'
../src/hw5_rerun.s:104: Error: syntax error -- `ldr r2,=(1<<TIM2_IRQHandler)'
../src/hw5_rerun.s:151: Error: cannot honor width suffix -- `lsrs r5,r0,r5'
../src/hw5_rerun.s:262: Error: missing `}' -- `pop {lr'
../src/hw5_rerun.s:325: Error: symbol `exit' is already defined
../src/hw5_rerun.s:228: Error: invalid offset, value too big (0xFFFFFFFFFFFFFFFC)
make: *** [src/hw5_rerun.o] Error 1
src/subdir.mk:30: recipe for target 'src/hw5_rerun.o' failed
../src/test.c: In function 'main':
../src/test.c:204:5: warning: implicit declaration of function 'EXTI2_3_IRQHandler'; did you mean 'TS_IRQHandler'? [-Wimplicit-function-declaration]
     EXTI2_3_IRQHandler();
     ^~~~~~~~~~~~~~~~~~
     TS_IRQHandler
Finished building: ../src/syscalls.c
 
Finished building: ../src/system_stm32f0xx.c
 
Finished building: ../src/test.c
 
Finished building: ../StdPeriph_Driver/src/stm32f0xx_dbgmcu.c
 
Finished building: ../StdPeriph_Driver/src/stm32f0xx_crc.c
 
Finished building: ../StdPeriph_Driver/src/stm32f0xx_exti.c
 
Finished building: ../StdPeriph_Driver/src/stm32f0xx_dma.c
 
Finished building: ../StdPeriph_Driver/src/stm32f0xx_comp.c
 
Finished building: ../StdPeriph_Driver/src/stm32f0xx_crs.c
 
Finished building: ../StdPeriph_Driver/src/stm32f0xx_dac.c
 
Finished building: ../StdPeriph_Driver/src/stm32f0xx_adc.c
 
Finished building: ../StdPeriph_Driver/src/stm32f0xx_cec.c
 
Finished building: ../StdPeriph_Driver/src/stm32f0xx_flash.c
 
Finished building: ../StdPeriph_Driver/src/stm32f0xx_can.c
 

23:48:45 Build Finished (took 460ms)

