18:34:03 **** Build of configuration Debug for project lab3 ****
make -j16 all 
Building file: ../src/main.s
Invoking: MCU GCC Assembler
Building file: ../StdPeriph_Driver/src/stm32f0xx_iwdg.c
/home/shay/a/will2253/workspace/lab3/Debug
Invoking: MCU GCC Compiler
Building file: ../StdPeriph_Driver/src/stm32f0xx_misc.c
arm-none-eabi-as -mcpu=cortex-m0 -mthumb -mfloat-abi=soft -I"/home/shay/a/will2253/workspace/lab3/StdPeriph_Driver/inc" -I"/home/shay/a/will2253/workspace/lab3/inc" -I"/home/shay/a/will2253/workspace/lab3/CMSIS/device" -I"/home/shay/a/will2253/workspace/lab3/CMSIS/core" -g -o "src/main.o" "../src/main.s"
Invoking: MCU GCC Compiler
/home/shay/a/will2253/workspace/lab3/Debug
Building file: ../StdPeriph_Driver/src/stm32f0xx_pwr.c
arm-none-eabi-gcc -mcpu=cortex-m0 -mthumb -mfloat-abi=soft -DSTM32 -DSTM32F0 -DSTM32F091RCTx -DDEBUG -DSTM32F091 -DUSE_STDPERIPH_DRIVER -I"/home/shay/a/will2253/workspace/lab3/StdPeriph_Driver/inc" -I"/home/shay/a/will2253/workspace/lab3/inc" -I"/home/shay/a/will2253/workspace/lab3/CMSIS/device" -I"/home/shay/a/will2253/workspace/lab3/CMSIS/core" -O0 -g3 -Wall -fmessage-length=0 -ffunction-sections -c -MMD -MP -MF"StdPeriph_Driver/src/stm32f0xx_iwdg.d" -MT"StdPeriph_Driver/src/stm32f0xx_iwdg.o" -o "StdPeriph_Driver/src/stm32f0xx_iwdg.o" "../StdPeriph_Driver/src/stm32f0xx_iwdg.c"
/home/shay/a/will2253/workspace/lab3/Debug
Invoking: MCU GCC Compiler
Building file: ../StdPeriph_Driver/src/stm32f0xx_rcc.c
arm-none-eabi-gcc -mcpu=cortex-m0 -mthumb -mfloat-abi=soft -DSTM32 -DSTM32F0 -DSTM32F091RCTx -DDEBUG -DSTM32F091 -DUSE_STDPERIPH_DRIVER -I"/home/shay/a/will2253/workspace/lab3/StdPeriph_Driver/inc" -I"/home/shay/a/will2253/workspace/lab3/inc" -I"/home/shay/a/will2253/workspace/lab3/CMSIS/device" -I"/home/shay/a/will2253/workspace/lab3/CMSIS/core" -O0 -g3 -Wall -fmessage-length=0 -ffunction-sections -c -MMD -MP -MF"StdPeriph_Driver/src/stm32f0xx_misc.d" -MT"StdPeriph_Driver/src/stm32f0xx_misc.o" -o "StdPeriph_Driver/src/stm32f0xx_misc.o" "../StdPeriph_Driver/src/stm32f0xx_misc.c"
Building file: ../StdPeriph_Driver/src/stm32f0xx_rtc.c
Invoking: MCU GCC Compiler
/home/shay/a/will2253/workspace/lab3/Debug
arm-none-eabi-gcc -mcpu=cortex-m0 -mthumb -mfloat-abi=soft -DSTM32 -DSTM32F0 -DSTM32F091RCTx -DDEBUG -DSTM32F091 -DUSE_STDPERIPH_DRIVER -I"/home/shay/a/will2253/workspace/lab3/StdPeriph_Driver/inc" -I"/home/shay/a/will2253/workspace/lab3/inc" -I"/home/shay/a/will2253/workspace/lab3/CMSIS/device" -I"/home/shay/a/will2253/workspace/lab3/CMSIS/core" -O0 -g3 -Wall -fmessage-length=0 -ffunction-sections -c -MMD -MP -MF"StdPeriph_Driver/src/stm32f0xx_pwr.d" -MT"StdPeriph_Driver/src/stm32f0xx_pwr.o" -o "StdPeriph_Driver/src/stm32f0xx_pwr.o" "../StdPeriph_Driver/src/stm32f0xx_pwr.c"
/home/shay/a/will2253/workspace/lab3/Debug
Invoking: MCU GCC Compiler
Building file: ../StdPeriph_Driver/src/stm32f0xx_spi.c
arm-none-eabi-gcc -mcpu=cortex-m0 -mthumb -mfloat-abi=soft -DSTM32 -DSTM32F0 -DSTM32F091RCTx -DDEBUG -DSTM32F091 -DUSE_STDPERIPH_DRIVER -I"/home/shay/a/will2253/workspace/lab3/StdPeriph_Driver/inc" -I"/home/shay/a/will2253/workspace/lab3/inc" -I"/home/shay/a/will2253/workspace/lab3/CMSIS/device" -I"/home/shay/a/will2253/workspace/lab3/CMSIS/core" -O0 -g3 -Wall -fmessage-length=0 -ffunction-sections -c -MMD -MP -MF"StdPeriph_Driver/src/stm32f0xx_rcc.d" -MT"StdPeriph_Driver/src/stm32f0xx_rcc.o" -o "StdPeriph_Driver/src/stm32f0xx_rcc.o" "../StdPeriph_Driver/src/stm32f0xx_rcc.c"
Invoking: MCU GCC Compiler
Building file: ../StdPeriph_Driver/src/stm32f0xx_syscfg.c
/home/shay/a/will2253/workspace/lab3/Debug
arm-none-eabi-gcc -mcpu=cortex-m0 -mthumb -mfloat-abi=soft -DSTM32 -DSTM32F0 -DSTM32F091RCTx -DDEBUG -DSTM32F091 -DUSE_STDPERIPH_DRIVER -I"/home/shay/a/will2253/workspace/lab3/StdPeriph_Driver/inc" -I"/home/shay/a/will2253/workspace/lab3/inc" -I"/home/shay/a/will2253/workspace/lab3/CMSIS/device" -I"/home/shay/a/will2253/workspace/lab3/CMSIS/core" -O0 -g3 -Wall -fmessage-length=0 -ffunction-sections -c -MMD -MP -MF"StdPeriph_Driver/src/stm32f0xx_rtc.d" -MT"StdPeriph_Driver/src/stm32f0xx_rtc.o" -o "StdPeriph_Driver/src/stm32f0xx_rtc.o" "../StdPeriph_Driver/src/stm32f0xx_rtc.c"
Building file: ../StdPeriph_Driver/src/stm32f0xx_tim.c
/home/shay/a/will2253/workspace/lab3/Debug
arm-none-eabi-gcc -mcpu=cortex-m0 -mthumb -mfloat-abi=soft -DSTM32 -DSTM32F0 -DSTM32F091RCTx -DDEBUG -DSTM32F091 -DUSE_STDPERIPH_DRIVER -I"/home/shay/a/will2253/workspace/lab3/StdPeriph_Driver/inc" -I"/home/shay/a/will2253/workspace/lab3/inc" -I"/home/shay/a/will2253/workspace/lab3/CMSIS/device" -I"/home/shay/a/will2253/workspace/lab3/CMSIS/core" -O0 -g3 -Wall -fmessage-length=0 -ffunction-sections -c -MMD -MP -MF"StdPeriph_Driver/src/stm32f0xx_spi.d" -MT"StdPeriph_Driver/src/stm32f0xx_spi.o" -o "StdPeriph_Driver/src/stm32f0xx_spi.o" "../StdPeriph_Driver/src/stm32f0xx_spi.c"
Invoking: MCU GCC Compiler
Invoking: MCU GCC Compiler
Building file: ../StdPeriph_Driver/src/stm32f0xx_usart.c
/home/shay/a/will2253/workspace/lab3/Debug
arm-none-eabi-gcc -mcpu=cortex-m0 -mthumb -mfloat-abi=soft -DSTM32 -DSTM32F0 -DSTM32F091RCTx -DDEBUG -DSTM32F091 -DUSE_STDPERIPH_DRIVER -I"/home/shay/a/will2253/workspace/lab3/StdPeriph_Driver/inc" -I"/home/shay/a/will2253/workspace/lab3/inc" -I"/home/shay/a/will2253/workspace/lab3/CMSIS/device" -I"/home/shay/a/will2253/workspace/lab3/CMSIS/core" -O0 -g3 -Wall -fmessage-length=0 -ffunction-sections -c -MMD -MP -MF"StdPeriph_Driver/src/stm32f0xx_tim.d" -MT"StdPeriph_Driver/src/stm32f0xx_tim.o" -o "StdPeriph_Driver/src/stm32f0xx_tim.o" "../StdPeriph_Driver/src/stm32f0xx_tim.c"
Invoking: MCU GCC Compiler
/home/shay/a/will2253/workspace/lab3/Debug
Building file: ../StdPeriph_Driver/src/stm32f0xx_wwdg.c
arm-none-eabi-gcc -mcpu=cortex-m0 -mthumb -mfloat-abi=soft -DSTM32 -DSTM32F0 -DSTM32F091RCTx -DDEBUG -DSTM32F091 -DUSE_STDPERIPH_DRIVER -I"/home/shay/a/will2253/workspace/lab3/StdPeriph_Driver/inc" -I"/home/shay/a/will2253/workspace/lab3/inc" -I"/home/shay/a/will2253/workspace/lab3/CMSIS/device" -I"/home/shay/a/will2253/workspace/lab3/CMSIS/core" -O0 -g3 -Wall -fmessage-length=0 -ffunction-sections -c -MMD -MP -MF"StdPeriph_Driver/src/stm32f0xx_syscfg.d" -MT"StdPeriph_Driver/src/stm32f0xx_syscfg.o" -o "StdPeriph_Driver/src/stm32f0xx_syscfg.o" "../StdPeriph_Driver/src/stm32f0xx_syscfg.c"
/home/shay/a/will2253/workspace/lab3/Debug
arm-none-eabi-gcc -mcpu=cortex-m0 -mthumb -mfloat-abi=soft -DSTM32 -DSTM32F0 -DSTM32F091RCTx -DDEBUG -DSTM32F091 -DUSE_STDPERIPH_DRIVER -I"/home/shay/a/will2253/workspace/lab3/StdPeriph_Driver/inc" -I"/home/shay/a/will2253/workspace/lab3/inc" -I"/home/shay/a/will2253/workspace/lab3/CMSIS/device" -I"/home/shay/a/will2253/workspace/lab3/CMSIS/core" -O0 -g3 -Wall -fmessage-length=0 -ffunction-sections -c -MMD -MP -MF"StdPeriph_Driver/src/stm32f0xx_usart.d" -MT"StdPeriph_Driver/src/stm32f0xx_usart.o" -o "StdPeriph_Driver/src/stm32f0xx_usart.o" "../StdPeriph_Driver/src/stm32f0xx_usart.c"
Invoking: MCU GCC Compiler
/home/shay/a/will2253/workspace/lab3/Debug
arm-none-eabi-gcc -mcpu=cortex-m0 -mthumb -mfloat-abi=soft -DSTM32 -DSTM32F0 -DSTM32F091RCTx -DDEBUG -DSTM32F091 -DUSE_STDPERIPH_DRIVER -I"/home/shay/a/will2253/workspace/lab3/StdPeriph_Driver/inc" -I"/home/shay/a/will2253/workspace/lab3/inc" -I"/home/shay/a/will2253/workspace/lab3/CMSIS/device" -I"/home/shay/a/will2253/workspace/lab3/CMSIS/core" -O0 -g3 -Wall -fmessage-length=0 -ffunction-sections -c -MMD -MP -MF"StdPeriph_Driver/src/stm32f0xx_wwdg.d" -MT"StdPeriph_Driver/src/stm32f0xx_wwdg.o" -o "StdPeriph_Driver/src/stm32f0xx_wwdg.o" "../StdPeriph_Driver/src/stm32f0xx_wwdg.c"
../src/main.s: Assembler messages:
../src/main.s:100: Error: shift expression expected -- `lsls r1,r0,'
src/subdir.mk:25: recipe for target 'src/main.o' failed
make: *** [src/main.o] Error 1
make: *** Waiting for unfinished jobs....
Finished building: ../StdPeriph_Driver/src/stm32f0xx_misc.c
 
Finished building: ../StdPeriph_Driver/src/stm32f0xx_pwr.c
 
Finished building: ../StdPeriph_Driver/src/stm32f0xx_iwdg.c
 
Finished building: ../StdPeriph_Driver/src/stm32f0xx_wwdg.c
 
Finished building: ../StdPeriph_Driver/src/stm32f0xx_spi.c
 
Finished building: ../StdPeriph_Driver/src/stm32f0xx_syscfg.c
 
Finished building: ../StdPeriph_Driver/src/stm32f0xx_rcc.c
 
Finished building: ../StdPeriph_Driver/src/stm32f0xx_usart.c
 
Finished building: ../StdPeriph_Driver/src/stm32f0xx_rtc.c
 
Finished building: ../StdPeriph_Driver/src/stm32f0xx_tim.c
 

18:34:03 Build Finished (took 362ms)

